0 info it worked if it ends with ok
1 verbose cli [ 'node',
1 verbose cli   '/usr/local/bin/npm',
1 verbose cli   'install',
1 verbose cli   'semantic-ui',
1 verbose cli   '--save' ]
2 info using npm@2.7.4
3 info using node@v0.12.2
4 silly cache add args [ 'semantic-ui', null ]
5 verbose cache add spec semantic-ui
6 silly cache add parsed spec { raw: 'semantic-ui',
6 silly cache add   scope: null,
6 silly cache add   name: 'semantic-ui',
6 silly cache add   rawSpec: '',
6 silly cache add   spec: '*',
6 silly cache add   type: 'range' }
7 verbose addNamed semantic-ui@*
8 silly addNamed semver.valid null
9 silly addNamed semver.validRange *
10 silly addNameRange { name: 'semantic-ui', range: '*', hasData: false }
11 silly mapToRegistry name semantic-ui
12 silly mapToRegistry using default registry
13 silly mapToRegistry registry https://registry.npmjs.org/
14 silly mapToRegistry uri https://registry.npmjs.org/semantic-ui
15 verbose addNameRange registry:https://registry.npmjs.org/semantic-ui not in flight; fetching
16 verbose request uri https://registry.npmjs.org/semantic-ui
17 verbose request no auth needed
18 info attempt registry request try #1 at 10:28:19 PM
19 verbose request id efc5370d022399c7
20 http request GET https://registry.npmjs.org/semantic-ui
21 http 200 https://registry.npmjs.org/semantic-ui
22 silly get cb [ 200,
22 silly get   { server: 'CouchDB/1.5.0 (Erlang OTP/R16B03)',
22 silly get     etag: '"42914C9DMXKK01DQ96WRVCXIR"',
22 silly get     'content-type': 'application/json',
22 silly get     'cache-control': 'max-age=300',
22 silly get     'content-length': '143142',
22 silly get     'accept-ranges': 'bytes',
22 silly get     date: 'Tue, 02 Feb 2016 06:28:19 GMT',
22 silly get     via: '1.1 varnish',
22 silly get     age: '0',
22 silly get     connection: 'keep-alive',
22 silly get     'x-served-by': 'cache-sjc3128-SJC',
22 silly get     'x-cache': 'MISS',
22 silly get     'x-cache-hits': '0',
22 silly get     'x-timer': 'S1454394499.502645,VS0,VE39',
22 silly get     vary: 'Accept' } ]
23 verbose get saving semantic-ui to /Users/haleykong/.npm/registry.npmjs.org/semantic-ui/.cache.json
24 silly addNameRange number 2 { name: 'semantic-ui', range: '*', hasData: true }
25 silly addNameRange versions [ 'semantic-ui',
25 silly addNameRange   [ '0.18.0',
25 silly addNameRange     '0.19.3',
25 silly addNameRange     '1.0.1',
25 silly addNameRange     '1.1.0',
25 silly addNameRange     '1.1.1',
25 silly addNameRange     '1.1.2',
25 silly addNameRange     '1.2.0',
25 silly addNameRange     '1.3.0',
25 silly addNameRange     '1.3.1',
25 silly addNameRange     '1.3.2',
25 silly addNameRange     '1.4.0',
25 silly addNameRange     '1.4.1',
25 silly addNameRange     '1.5.0',
25 silly addNameRange     '1.5.2',
25 silly addNameRange     '1.6.0',
25 silly addNameRange     '1.6.1',
25 silly addNameRange     '1.6.2',
25 silly addNameRange     '1.6.4',
25 silly addNameRange     '1.7.0',
25 silly addNameRange     '1.7.1',
25 silly addNameRange     '1.7.2',
25 silly addNameRange     '1.7.3',
25 silly addNameRange     '1.8.0',
25 silly addNameRange     '1.8.1',
25 silly addNameRange     '1.9.0',
25 silly addNameRange     '1.9.1',
25 silly addNameRange     '1.9.3',
25 silly addNameRange     '1.10.0',
25 silly addNameRange     '1.10.2',
25 silly addNameRange     '1.10.3',
25 silly addNameRange     '1.11.0',
25 silly addNameRange     '1.11.1',
25 silly addNameRange     '1.11.2',
25 silly addNameRange     '1.11.3',
25 silly addNameRange     '1.11.4',
25 silly addNameRange     '1.11.5',
25 silly addNameRange     '1.11.6',
25 silly addNameRange     '1.11.7',
25 silly addNameRange     '1.11.8',
25 silly addNameRange     '1.12.0',
25 silly addNameRange     '1.12.1',
25 silly addNameRange     '1.12.2',
25 silly addNameRange     '1.12.3',
25 silly addNameRange     '2.0.0',
25 silly addNameRange     '2.0.1',
25 silly addNameRange     '2.0.2',
25 silly addNameRange     '2.0.3',
25 silly addNameRange     '2.0.4',
25 silly addNameRange     '2.0.5',
25 silly addNameRange     '2.0.6',
25 silly addNameRange     '2.0.7',
25 silly addNameRange     '2.0.8',
25 silly addNameRange     '2.1.0',
25 silly addNameRange     '2.1.1',
25 silly addNameRange     '2.1.2',
25 silly addNameRange     '2.1.3',
25 silly addNameRange     '2.1.4',
25 silly addNameRange     '2.1.5',
25 silly addNameRange     '2.1.6',
25 silly addNameRange     '2.1.7',
25 silly addNameRange     '2.1.8' ] ]
26 verbose addNamed semantic-ui@2.1.8
27 silly addNamed semver.valid 2.1.8
28 silly addNamed semver.validRange 2.1.8
29 silly mapToRegistry name semantic-ui
30 silly mapToRegistry using default registry
31 silly mapToRegistry registry https://registry.npmjs.org/
32 silly mapToRegistry uri https://registry.npmjs.org/semantic-ui
33 verbose addRemoteTarball https://registry.npmjs.org/semantic-ui/-/semantic-ui-2.1.8.tgz not in flight; adding
34 verbose addRemoteTarball [ 'https://registry.npmjs.org/semantic-ui/-/semantic-ui-2.1.8.tgz',
34 verbose addRemoteTarball   'fedb85e342ee13c043c244b2b001e11fdb7bebd4' ]
35 info retry fetch attempt 1 at 10:28:19 PM
36 info attempt registry request try #1 at 10:28:19 PM
37 http fetch GET https://registry.npmjs.org/semantic-ui/-/semantic-ui-2.1.8.tgz
38 http fetch 200 https://registry.npmjs.org/semantic-ui/-/semantic-ui-2.1.8.tgz
39 silly fetchAndShaCheck shasum fedb85e342ee13c043c244b2b001e11fdb7bebd4
40 verbose addTmpTarball /var/folders/_7/m6262wxn63b_2j_xkk3_97gc0000gn/T/npm-92327-bf25bccf/registry.npmjs.org/semantic-ui/-/semantic-ui-2.1.8.tgz not in flight; adding
41 verbose addTmpTarball already have metadata; skipping unpack for semantic-ui@2.1.8
42 silly cache afterAdd semantic-ui@2.1.8
43 verbose afterAdd /Users/haleykong/.npm/semantic-ui/2.1.8/package/package.json not in flight; writing
44 verbose afterAdd /Users/haleykong/.npm/semantic-ui/2.1.8/package/package.json written
45 silly install resolved [ { name: 'semantic-ui',
45 silly install resolved     version: '2.1.8',
45 silly install resolved     title: 'Semantic UI',
45 silly install resolved     description: 'Semantic empowers designers and developers by creating a shared vocabulary for UI.',
45 silly install resolved     homepage: 'http://www.semantic-ui.com',
45 silly install resolved     author: { name: 'Jack Lukic', email: 'jack@semantic-ui.com' },
45 silly install resolved     license: 'MIT',
45 silly install resolved     repository:
45 silly install resolved      { type: 'git',
45 silly install resolved        url: 'git://github.com/Semantic-Org/Semantic-UI.git' },
45 silly install resolved     bugs: { url: 'https://github.com/Semantic-Org/Semantic-UI/issues' },
45 silly install resolved     scripts: { install: 'gulp install' },
45 silly install resolved     peerDependencies:
45 silly install resolved      { 'better-console': '*',
45 silly install resolved        del: '*',
45 silly install resolved        extend: '*',
45 silly install resolved        gulp: '*',
45 silly install resolved        'gulp-autoprefixer': '*',
45 silly install resolved        'gulp-chmod': '*',
45 silly install resolved        'gulp-clone': '*',
45 silly install resolved        'gulp-concat': '*',
45 silly install resolved        'gulp-concat-css': '*',
45 silly install resolved        'gulp-copy': '*',
45 silly install resolved        'gulp-dedupe': '*',
45 silly install resolved        'gulp-flatten': '*',
45 silly install resolved        'gulp-header': '*',
45 silly install resolved        'gulp-help': '*',
45 silly install resolved        'gulp-if': '*',
45 silly install resolved        'gulp-less': '*',
45 silly install resolved        'gulp-minify-css': '*',
45 silly install resolved        'gulp-notify': '*',
45 silly install resolved        'gulp-plumber': '*',
45 silly install resolved        'gulp-print': '*',
45 silly install resolved        'gulp-rename': '*',
45 silly install resolved        'gulp-replace': '*',
45 silly install resolved        'gulp-rtlcss': '*',
45 silly install resolved        'gulp-uglify': '*',
45 silly install resolved        'gulp-util': '*',
45 silly install resolved        'gulp-watch': '*',
45 silly install resolved        'map-stream': '*',
45 silly install resolved        'require-dot-file': '*',
45 silly install resolved        'run-sequence': '*',
45 silly install resolved        yamljs: '*' },
45 silly install resolved     dependencies:
45 silly install resolved      { 'better-console': '*',
45 silly install resolved        del: '^2.0.2',
45 silly install resolved        extend: '^3.0.0',
45 silly install resolved        gulp: '^3.9.0',
45 silly install resolved        'gulp-autoprefixer': '^3.1.0',
45 silly install resolved        'gulp-chmod': '^1.2.0',
45 silly install resolved        'gulp-clone': '^1.0.0',
45 silly install resolved        'gulp-concat': '^2.6.0',
45 silly install resolved        'gulp-concat-css': '^2.2.0',
45 silly install resolved        'gulp-copy': '0.0.2',
45 silly install resolved        'gulp-dedupe': '0.0.2',
45 silly install resolved        'gulp-flatten': '^0.2.0',
45 silly install resolved        'gulp-header': '^1.2.2',
45 silly install resolved        'gulp-help': '^1.6.0',
45 silly install resolved        'gulp-if': '^2.0.0',
45 silly install resolved        'gulp-json-editor': '^2.2.1',
45 silly install resolved        'gulp-less': '^3.0.3',
45 silly install resolved        'gulp-minify-css': '^1.2.0',
45 silly install resolved        'gulp-notify': '^2.2.0',
45 silly install resolved        'gulp-plumber': '^1.0.1',
45 silly install resolved        'gulp-print': '^2.0.1',
45 silly install resolved        'gulp-prompt': '^0.1.2',
45 silly install resolved        'gulp-rename': '^1.2.2',
45 silly install resolved        'gulp-replace': '^0.5.3',
45 silly install resolved        'gulp-rtlcss': '^0.1.4',
45 silly install resolved        'gulp-uglify': '^1.2.0',
45 silly install resolved        'gulp-util': '^3.0.6',
45 silly install resolved        'gulp-watch': '^4.3.1',
45 silly install resolved        jquery: '^2.1.4',
45 silly install resolved        'map-stream': '^0.1.0',
45 silly install resolved        'merge-stream': '^1.0.0',
45 silly install resolved        mkdirp: '^0.5.1',
45 silly install resolved        'require-dot-file': '^0.4.0',
45 silly install resolved        'run-sequence': '^1.1.0',
45 silly install resolved        wrench: 'https://github.com/derekslife/wrench-js/tarball/156eaceed68ed31ffe2a3ecfbcb2be6ed1417fb2',
45 silly install resolved        yamljs: '^0.2.3' },
45 silly install resolved     devDependencies:
45 silly install resolved      { github: '*',
45 silly install resolved        'gulp-concat-filenames': '*',
45 silly install resolved        'gulp-debug': '*',
45 silly install resolved        'gulp-git': '*',
45 silly install resolved        'gulp-tap': '*',
45 silly install resolved        'merge-stream': '*' },
45 silly install resolved     gitHead: '04a3c48a0dd3bd9b440b59036004409239a6db16',
45 silly install resolved     _id: 'semantic-ui@2.1.8',
45 silly install resolved     _shasum: 'fedb85e342ee13c043c244b2b001e11fdb7bebd4',
45 silly install resolved     _from: 'semantic-ui@*',
45 silly install resolved     _npmVersion: '3.1.3',
45 silly install resolved     _nodeVersion: '0.12.7',
45 silly install resolved     _npmUser: { name: 'semantic-bot', email: 'bot@semantic-ui.com' },
45 silly install resolved     dist:
45 silly install resolved      { shasum: 'fedb85e342ee13c043c244b2b001e11fdb7bebd4',
45 silly install resolved        tarball: 'http://registry.npmjs.org/semantic-ui/-/semantic-ui-2.1.8.tgz' },
45 silly install resolved     maintainers: [ [Object], [Object] ],
45 silly install resolved     directories: {},
45 silly install resolved     _resolved: 'https://registry.npmjs.org/semantic-ui/-/semantic-ui-2.1.8.tgz' } ]
46 info install semantic-ui@2.1.8 into /Users/haleykong/Desktop/urbanspire-new
47 info installOne semantic-ui@2.1.8
48 verbose installOne of semantic-ui to /Users/haleykong/Desktop/urbanspire-new not in flight; installing
49 warn locking Error: EACCES, open '/Users/haleykong/.npm/_locks/semantic-ui-299ed86c41dad58e.lock'
49 warn locking     at Error (native)
49 warn locking  /Users/haleykong/.npm/_locks/semantic-ui-299ed86c41dad58e.lock failed { [Error: EACCES, open '/Users/haleykong/.npm/_locks/semantic-ui-299ed86c41dad58e.lock']
49 warn locking   errno: -13,
49 warn locking   code: 'EACCES',
49 warn locking   path: '/Users/haleykong/.npm/_locks/semantic-ui-299ed86c41dad58e.lock' }
50 verbose stack Error: Attempt to unlock /Users/haleykong/Desktop/urbanspire-new/node_modules/semantic-ui, which hasn't been locked
50 verbose stack     at unlock (/usr/local/lib/node_modules/npm/lib/utils/locker.js:66:11)
50 verbose stack     at cb (/usr/local/lib/node_modules/npm/lib/install.js:1004:5)
50 verbose stack     at /usr/local/lib/node_modules/npm/lib/install.js:1008:20
50 verbose stack     at /usr/local/lib/node_modules/npm/lib/utils/locker.js:40:9
50 verbose stack     at cb (/usr/local/lib/node_modules/npm/node_modules/lockfile/lockfile.js:149:38)
50 verbose stack     at /usr/local/lib/node_modules/npm/node_modules/lockfile/lockfile.js:177:38
50 verbose stack     at FSReqWrap.oncomplete (fs.js:95:15)
51 verbose cwd /Users/haleykong/Desktop/urbanspire-new
52 error Darwin 13.4.0
53 error argv "node" "/usr/local/bin/npm" "install" "semantic-ui" "--save"
54 error node v0.12.2
55 error npm  v2.7.4
56 error Attempt to unlock /Users/haleykong/Desktop/urbanspire-new/node_modules/semantic-ui, which hasn't been locked
57 error If you need help, you may report this error at:
57 error     <https://github.com/npm/npm/issues>
58 verbose exit [ 1, true ]
